0 info it worked if it ends with ok
1 verbose cli [ '/home/hugomenezes/.nvm/versions/node/v6.11.0/bin/node',
1 verbose cli   '/home/hugomenezes/.nvm/versions/node/v6.11.0/bin/npm',
1 verbose cli   'link' ]
2 info using npm@3.10.10
3 info using node@v6.11.0
4 verbose config Skipping project config: /home/hugomenezes/.npmrc. (matches userconfig)
5 verbose linkPkg /home/hugomenezes
6 verbose stack Error: ENOENT: no such file or directory, open '/home/hugomenezes/package.json'
6 verbose stack     at Error (native)
7 verbose cwd /home/hugomenezes/ONS/src/Plataforma-Domain/Platform.App
8 error Linux 4.10.0-42-generic
9 error argv "/home/hugomenezes/.nvm/versions/node/v6.11.0/bin/node" "/home/hugomenezes/.nvm/versions/node/v6.11.0/bin/npm" "link"
10 error node v6.11.0
11 error npm  v3.10.10
12 error path /home/hugomenezes/package.json
13 error code ENOENT
14 error errno -2
15 error syscall open
16 error enoent ENOENT: no such file or directory, open '/home/hugomenezes/package.json'
17 error enoent ENOENT: no such file or directory, open '/home/hugomenezes/package.json'
17 error enoent This is most likely not a problem with npm itself
17 error enoent and is related to npm not being able to find a file.
18 verbose exit [ -2, true ]
